{"numTotalTestSuites":60,"numPassedTestSuites":60,"numFailedTestSuites":0,"numPendingTestSuites":0,"numTotalTests":122,"numPassedTests":122,"numFailedTests":0,"numPendingTests":0,"numTodoTests":0,"snapshot":{"added":0,"failure":false,"filesAdded":0,"filesRemoved":0,"filesRemovedList":[],"filesUnmatched":0,"filesUpdated":0,"matched":0,"total":0,"unchecked":0,"uncheckedKeysByFile":[],"unmatched":0,"updated":0,"didUpdate":false},"startTime":1756415120968,"success":true,"testResults":[{"assertionResults":[{"ancestorTitles":["Authentifizierung - Integration Tests","Vollständiger Authentifizierungs-Flow"],"fullName":"Authentifizierung - Integration Tests Vollständiger Authentifizierungs-Flow sollte kompletten Registrierung-Login-Logout-Flow unterstützen","status":"passed","title":"sollte kompletten Registrierung-Login-Logout-Flow unterstützen","duration":20.312833999999953,"failureMessages":[],"meta":{}},{"ancestorTitles":["Authentifizierung - Integration Tests","Vollständiger Authentifizierungs-Flow"],"fullName":"Authentifizierung - Integration Tests Vollständiger Authentifizierungs-Flow sollte parallele Authentifizierungen unterstützen","status":"passed","title":"sollte parallele Authentifizierungen unterstützen","duration":9.98720800000001,"failureMessages":[],"meta":{}},{"ancestorTitles":["Authentifizierung - Integration Tests","Sicherheits-Tests"],"fullName":"Authentifizierung - Integration Tests Sicherheits-Tests sollte Brute-Force-Angriffe erkennen und blockieren","status":"passed","title":"sollte Brute-Force-Angriffe erkennen und blockieren","duration":8.639874999999961,"failureMessages":[],"meta":{}},{"ancestorTitles":["Authentifizierung - Integration Tests","Sicherheits-Tests"],"fullName":"Authentifizierung - Integration Tests Sicherheits-Tests sollte SQL-Injection-Versuche abwehren","status":"passed","title":"sollte SQL-Injection-Versuche abwehren","duration":4.439333000000033,"failureMessages":[],"meta":{}},{"ancestorTitles":["Authentifizierung - Integration Tests","Sicherheits-Tests"],"fullName":"Authentifizierung - Integration Tests Sicherheits-Tests sollte XSS-Versuche in Input-Feldern abwehren","status":"passed","title":"sollte XSS-Versuche in Input-Feldern abwehren","duration":2.249582999999916,"failureMessages":[],"meta":{}},{"ancestorTitles":["Authentifizierung - Integration Tests","Performance-Tests"],"fullName":"Authentifizierung - Integration Tests Performance-Tests sollte schnelle Response-Zeiten für Authentifizierung gewährleisten","status":"passed","title":"sollte schnelle Response-Zeiten für Authentifizierung gewährleisten","duration":359.3509170000001,"failureMessages":[],"meta":{}},{"ancestorTitles":["Authentifizierung - Integration Tests","Performance-Tests"],"fullName":"Authentifizierung - Integration Tests Performance-Tests sollte hohe Last ohne Performance-Einbußen bewältigen","status":"passed","title":"sollte hohe Last ohne Performance-Einbußen bewältigen","duration":17.993375000000015,"failureMessages":[],"meta":{}},{"ancestorTitles":["Authentifizierung - Integration Tests","Fehlerbehandlung und Recovery"],"fullName":"Authentifizierung - Integration Tests Fehlerbehandlung und Recovery sollte Graceful Degradation bei Server-Fehlern bieten","status":"passed","title":"sollte Graceful Degradation bei Server-Fehlern bieten","duration":12.842709000000013,"failureMessages":[],"meta":{}},{"ancestorTitles":["Authentifizierung - Integration Tests","Fehlerbehandlung und Recovery"],"fullName":"Authentifizierung - Integration Tests Fehlerbehandlung und Recovery sollte bei Netzwerk-Fehlern wiederherstellbar sein","status":"passed","title":"sollte bei Netzwerk-Fehlern wiederherstellbar sein","duration":113.24916599999983,"failureMessages":[],"meta":{}},{"ancestorTitles":["Authentifizierung - Integration Tests","Datenkonsistenz und Race Conditions"],"fullName":"Authentifizierung - Integration Tests Datenkonsistenz und Race Conditions sollte gleichzeitige Registrierungen mit derselben Email verhindern","status":"passed","title":"sollte gleichzeitige Registrierungen mit derselben Email verhindern","duration":0.9327920000000631,"failureMessages":[],"meta":{}},{"ancestorTitles":["Authentifizierung - Integration Tests","Datenkonsistenz und Race Conditions"],"fullName":"Authentifizierung - Integration Tests Datenkonsistenz und Race Conditions sollte Session-Isolation zwischen verschiedenen Benutzern gewährleisten","status":"passed","title":"sollte Session-Isolation zwischen verschiedenen Benutzern gewährleisten","duration":12.814875000000029,"failureMessages":[],"meta":{}},{"ancestorTitles":["Authentifizierung - Integration Tests","Monitoring und Logging"],"fullName":"Authentifizierung - Integration Tests Monitoring und Logging sollte alle Authentifizierungs-Events korrekt loggen","status":"passed","title":"sollte alle Authentifizierungs-Events korrekt loggen","duration":7.553166999999803,"failureMessages":[],"meta":{}},{"ancestorTitles":["Authentifizierung - Integration Tests","Monitoring und Logging"],"fullName":"Authentifizierung - Integration Tests Monitoring und Logging sollte Performance-Metriken sammeln","status":"passed","title":"sollte Performance-Metriken sammeln","duration":119.00441600000022,"failureMessages":[],"meta":{}}],"startTime":1756415121792,"endTime":1756415122483.0044,"status":"passed","message":"","name":"/Users/lucas/Downloads/EvolutionHub_Bundle_v1.7_full/evolution-hub/test-suite-v2/src/integration/auth/auth-integration.test.ts"},{"assertionResults":[{"ancestorTitles":["Datenbank-Helper","setupTestDatabase"],"fullName":"Datenbank-Helper setupTestDatabase sollte erfolgreich eine Test-Datenbank einrichten","status":"passed","title":"sollte erfolgreich eine Test-Datenbank einrichten","duration":8.499249999999961,"failureMessages":[],"meta":{}},{"ancestorTitles":["Datenbank-Helper","setupTestDatabase"],"fullName":"Datenbank-Helper setupTestDatabase sollte Datenbank-Schema initialisieren","status":"passed","title":"sollte Datenbank-Schema initialisieren","duration":4.653291999999965,"failureMessages":[],"meta":{}},{"ancestorTitles":["Datenbank-Helper","setupTestDatabase"],"fullName":"Datenbank-Helper setupTestDatabase sollte Test-Fixtures laden","status":"passed","title":"sollte Test-Fixtures laden","duration":3.146708999999987,"failureMessages":[],"meta":{}},{"ancestorTitles":["Datenbank-Helper","setupTestDatabase"],"fullName":"Datenbank-Helper setupTestDatabase sollte bei Fehlern korrekt reagieren","status":"passed","title":"sollte bei Fehlern korrekt reagieren","duration":2.5450419999999667,"failureMessages":[],"meta":{}},{"ancestorTitles":["Datenbank-Helper","teardownTestDatabase"],"fullName":"Datenbank-Helper teardownTestDatabase sollte Datenbank erfolgreich aufräumen","status":"passed","title":"sollte Datenbank erfolgreich aufräumen","duration":9.250291999999945,"failureMessages":[],"meta":{}},{"ancestorTitles":["Datenbank-Helper","teardownTestDatabase"],"fullName":"Datenbank-Helper teardownTestDatabase sollte bei Fehlern korrekt reagieren","status":"passed","title":"sollte bei Fehlern korrekt reagieren","duration":1.137666999999965,"failureMessages":[],"meta":{}},{"ancestorTitles":["Datenbank-Helper","teardownTestDatabase"],"fullName":"Datenbank-Helper teardownTestDatabase sollte mit bereits geschlossenen Verbindungen umgehen","status":"passed","title":"sollte mit bereits geschlossenen Verbindungen umgehen","duration":1.0282499999999573,"failureMessages":[],"meta":{}},{"ancestorTitles":["Datenbank-Helper","createTransaction"],"fullName":"Datenbank-Helper createTransaction sollte eine Transaktion erstellen","status":"passed","title":"sollte eine Transaktion erstellen","duration":0.3802089999999225,"failureMessages":[],"meta":{}},{"ancestorTitles":["Datenbank-Helper","createTransaction"],"fullName":"Datenbank-Helper createTransaction sollte Queries in Transaktion ausführen","status":"passed","title":"sollte Queries in Transaktion ausführen","duration":1.4491669999999885,"failureMessages":[],"meta":{}},{"ancestorTitles":["Datenbank-Helper","createTransaction"],"fullName":"Datenbank-Helper createTransaction sollte Commit ausführen","status":"passed","title":"sollte Commit ausführen","duration":0.9695420000000468,"failureMessages":[],"meta":{}},{"ancestorTitles":["Datenbank-Helper","createTransaction"],"fullName":"Datenbank-Helper createTransaction sollte Rollback ausführen","status":"passed","title":"sollte Rollback ausführen","duration":1.0946669999999585,"failureMessages":[],"meta":{}},{"ancestorTitles":["Datenbank-Helper","createDatabaseFactory"],"fullName":"Datenbank-Helper createDatabaseFactory sollte eine Datenbank-Factory erstellen","status":"passed","title":"sollte eine Datenbank-Factory erstellen","duration":1.3793329999999742,"failureMessages":[],"meta":{}},{"ancestorTitles":["Datenbank-Helper","createDatabaseFactory"],"fullName":"Datenbank-Helper createDatabaseFactory sollte Datenbanken erstellen und verfolgen","status":"passed","title":"sollte Datenbanken erstellen und verfolgen","duration":2.0961660000000393,"failureMessages":[],"meta":{}},{"ancestorTitles":["Datenbank-Helper","createDatabaseFactory"],"fullName":"Datenbank-Helper createDatabaseFactory sollte alle Datenbanken aufräumen","status":"passed","title":"sollte alle Datenbanken aufräumen","duration":1.7967079999999669,"failureMessages":[],"meta":{}},{"ancestorTitles":["Datenbank-Helper","Schema-Initialisierung"],"fullName":"Datenbank-Helper Schema-Initialisierung sollte alle erforderlichen Tabellen erstellen","status":"passed","title":"sollte alle erforderlichen Tabellen erstellen","duration":1.1125410000000784,"failureMessages":[],"meta":{}},{"ancestorTitles":["Datenbank-Helper","Schema-Initialisierung"],"fullName":"Datenbank-Helper Schema-Initialisierung sollte korrekte Tabellen-Strukturen definieren","status":"passed","title":"sollte korrekte Tabellen-Strukturen definieren","duration":2.658957999999984,"failureMessages":[],"meta":{}},{"ancestorTitles":["Datenbank-Helper","Fixture-Laden"],"fullName":"Datenbank-Helper Fixture-Laden sollte Test-Benutzer einfügen","status":"passed","title":"sollte Test-Benutzer einfügen","duration":1.5502089999999953,"failureMessages":[],"meta":{}},{"ancestorTitles":["Datenbank-Helper","Fixture-Laden"],"fullName":"Datenbank-Helper Fixture-Laden sollte Newsletter-Abonnements einfügen","status":"passed","title":"sollte Newsletter-Abonnements einfügen","duration":1.4191670000000158,"failureMessages":[],"meta":{}},{"ancestorTitles":["Datenbank-Helper","Fehlerbehandlung"],"fullName":"Datenbank-Helper Fehlerbehandlung sollte Schema-Initialisierungsfehler behandeln","status":"passed","title":"sollte Schema-Initialisierungsfehler behandeln","duration":4.7742079999999305,"failureMessages":[],"meta":{}},{"ancestorTitles":["Datenbank-Helper","Fehlerbehandlung"],"fullName":"Datenbank-Helper Fehlerbehandlung sollte Fixture-Ladefehler behandeln","status":"passed","title":"sollte Fixture-Ladefehler behandeln","duration":8.11912499999994,"failureMessages":[],"meta":{}},{"ancestorTitles":["Datenbank-Helper","Fehlerbehandlung"],"fullName":"Datenbank-Helper Fehlerbehandlung sollte bei Verbindungsfehlern korrekt reagieren","status":"passed","title":"sollte bei Verbindungsfehlern korrekt reagieren","duration":0.8594580000000178,"failureMessages":[],"meta":{}},{"ancestorTitles":["Datenbank-Helper","Performance und Ressourcen"],"fullName":"Datenbank-Helper Performance und Ressourcen sollte Datenbank-Namen eindeutig generieren","status":"passed","title":"sollte Datenbank-Namen eindeutig generieren","duration":1.1102500000000646,"failureMessages":[],"meta":{}},{"ancestorTitles":["Datenbank-Helper","Performance und Ressourcen"],"fullName":"Datenbank-Helper Performance und Ressourcen sollte Speicher effizient verwalten","status":"passed","title":"sollte Speicher effizient verwalten","duration":0.6635420000000067,"failureMessages":[],"meta":{}},{"ancestorTitles":["Datenbank-Helper","Integration mit Logger"],"fullName":"Datenbank-Helper Integration mit Logger sollte Logger bei erfolgreichem Setup informieren","status":"passed","title":"sollte Logger bei erfolgreichem Setup informieren","duration":0.49383399999999256,"failureMessages":[],"meta":{}},{"ancestorTitles":["Datenbank-Helper","Integration mit Logger"],"fullName":"Datenbank-Helper Integration mit Logger sollte Logger bei erfolgreichem Cleanup informieren","status":"passed","title":"sollte Logger bei erfolgreichem Cleanup informieren","duration":0.968291000000022,"failureMessages":[],"meta":{}},{"ancestorTitles":["Datenbank-Helper","Integration mit Logger"],"fullName":"Datenbank-Helper Integration mit Logger sollte Logger bei Fehlern informieren","status":"passed","title":"sollte Logger bei Fehlern informieren","duration":0.5161669999999958,"failureMessages":[],"meta":{}}],"startTime":1756415121789,"endTime":1756415121854.516,"status":"passed","message":"","name":"/Users/lucas/Downloads/EvolutionHub_Bundle_v1.7_full/evolution-hub/test-suite-v2/src/unit/utils/database-helpers.test.ts"},{"assertionResults":[{"ancestorTitles":["TestLogger","Logger-Initialisierung"],"fullName":"TestLogger Logger-Initialisierung sollte einen Logger mit Standard-Level INFO erstellen","status":"passed","title":"sollte einen Logger mit Standard-Level INFO erstellen","duration":4.109750000000076,"failureMessages":[],"meta":{}},{"ancestorTitles":["TestLogger","Logger-Initialisierung"],"fullName":"TestLogger Logger-Initialisierung sollte einen Logger mit spezifischem Level erstellen","status":"passed","title":"sollte einen Logger mit spezifischem Level erstellen","duration":1.1368750000000318,"failureMessages":[],"meta":{}},{"ancestorTitles":["TestLogger","Logger-Initialisierung"],"fullName":"TestLogger Logger-Initialisierung sollte den korrekten Log-Level setzen","status":"passed","title":"sollte den korrekten Log-Level setzen","duration":0.8120830000000296,"failureMessages":[],"meta":{}},{"ancestorTitles":["TestLogger","Log-Level-Management"],"fullName":"TestLogger Log-Level-Management sollte alle definierten Log-Levels haben","status":"passed","title":"sollte alle definierten Log-Levels haben","duration":1.184708999999998,"failureMessages":[],"meta":{}},{"ancestorTitles":["TestLogger","Log-Level-Management"],"fullName":"TestLogger Log-Level-Management sollte Nachrichten basierend auf Level filtern","status":"passed","title":"sollte Nachrichten basierend auf Level filtern","duration":1.2738329999999678,"failureMessages":[],"meta":{}},{"ancestorTitles":["TestLogger","Logging-Methoden"],"fullName":"TestLogger Logging-Methoden sollte ERROR-Nachrichten korrekt loggen","status":"passed","title":"sollte ERROR-Nachrichten korrekt loggen","duration":3.073792000000026,"failureMessages":[],"meta":{}},{"ancestorTitles":["TestLogger","Logging-Methoden"],"fullName":"TestLogger Logging-Methoden sollte WARN-Nachrichten korrekt loggen","status":"passed","title":"sollte WARN-Nachrichten korrekt loggen","duration":0.45412499999997635,"failureMessages":[],"meta":{}},{"ancestorTitles":["TestLogger","Logging-Methoden"],"fullName":"TestLogger Logging-Methoden sollte INFO-Nachrichten korrekt loggen","status":"passed","title":"sollte INFO-Nachrichten korrekt loggen","duration":1.1564160000000356,"failureMessages":[],"meta":{}},{"ancestorTitles":["TestLogger","Logging-Methoden"],"fullName":"TestLogger Logging-Methoden sollte DEBUG-Nachrichten korrekt loggen","status":"passed","title":"sollte DEBUG-Nachrichten korrekt loggen","duration":0.5735829999999851,"failureMessages":[],"meta":{}},{"ancestorTitles":["TestLogger","Kontext-Management"],"fullName":"TestLogger Kontext-Management sollte Kontext korrekt setzen und verwenden","status":"passed","title":"sollte Kontext korrekt setzen und verwenden","duration":0.3455830000000333,"failureMessages":[],"meta":{}},{"ancestorTitles":["TestLogger","Kontext-Management"],"fullName":"TestLogger Kontext-Management sollte Kontext in Konsolen-Ausgabe anzeigen","status":"passed","title":"sollte Kontext in Konsolen-Ausgabe anzeigen","duration":0.36416699999995217,"failureMessages":[],"meta":{}},{"ancestorTitles":["TestLogger","Log-Verwaltung"],"fullName":"TestLogger Log-Verwaltung sollte alle Logs zurückgeben","status":"passed","title":"sollte alle Logs zurückgeben","duration":0.6407500000000255,"failureMessages":[],"meta":{}},{"ancestorTitles":["TestLogger","Log-Verwaltung"],"fullName":"TestLogger Log-Verwaltung sollte Logs nach Level filtern","status":"passed","title":"sollte Logs nach Level filtern","duration":1.5469580000000178,"failureMessages":[],"meta":{}},{"ancestorTitles":["TestLogger","Log-Verwaltung"],"fullName":"TestLogger Log-Verwaltung sollte Logs löschen können","status":"passed","title":"sollte Logs löschen können","duration":3.3032080000000406,"failureMessages":[],"meta":{}},{"ancestorTitles":["TestLogger","Log-Verwaltung"],"fullName":"TestLogger Log-Verwaltung sollte Log-Export funktionieren","status":"passed","title":"sollte Log-Export funktionieren","duration":1.3031669999999167,"failureMessages":[],"meta":{}},{"ancestorTitles":["TestLogger","Log-Verwaltung"],"fullName":"TestLogger Log-Verwaltung sollte korrekte Log-Zusammenfassung erstellen","status":"passed","title":"sollte korrekte Log-Zusammenfassung erstellen","duration":1.1512910000000147,"failureMessages":[],"meta":{}},{"ancestorTitles":["TestLogger","Zeitstempel und Metadaten"],"fullName":"TestLogger Zeitstempel und Metadaten sollte korrekte Zeitstempel hinzufügen","status":"passed","title":"sollte korrekte Zeitstempel hinzufügen","duration":0.37599999999997635,"failureMessages":[],"meta":{}},{"ancestorTitles":["TestLogger","Zeitstempel und Metadaten"],"fullName":"TestLogger Zeitstempel und Metadaten sollte alle erforderlichen Metadaten enthalten","status":"passed","title":"sollte alle erforderlichen Metadaten enthalten","duration":0.9590829999999642,"failureMessages":[],"meta":{}},{"ancestorTitles":["TestLogger","Konsolen-Ausgabe-Formatierung"],"fullName":"TestLogger Konsolen-Ausgabe-Formatierung sollte Zeitstempel in Ausgabe enthalten","status":"passed","title":"sollte Zeitstempel in Ausgabe enthalten","duration":2.294375000000059,"failureMessages":[],"meta":{}},{"ancestorTitles":["TestLogger","Konsolen-Ausgabe-Formatierung"],"fullName":"TestLogger Konsolen-Ausgabe-Formatierung sollte Log-Level in Ausgabe enthalten","status":"passed","title":"sollte Log-Level in Ausgabe enthalten","duration":0.8340420000000677,"failureMessages":[],"meta":{}},{"ancestorTitles":["TestLogger","Konsolen-Ausgabe-Formatierung"],"fullName":"TestLogger Konsolen-Ausgabe-Formatierung sollte Emojis für verschiedene Level verwenden","status":"passed","title":"sollte Emojis für verschiedene Level verwenden","duration":0.8505000000000109,"failureMessages":[],"meta":{}},{"ancestorTitles":["TestLogger","Edge Cases"],"fullName":"TestLogger Edge Cases sollte mit leeren Nachrichten umgehen","status":"passed","title":"sollte mit leeren Nachrichten umgehen","duration":0.6984999999999673,"failureMessages":[],"meta":{}},{"ancestorTitles":["TestLogger","Edge Cases"],"fullName":"TestLogger Edge Cases sollte mit null/undefined Daten umgehen","status":"passed","title":"sollte mit null/undefined Daten umgehen","duration":0.5383749999999736,"failureMessages":[],"meta":{}},{"ancestorTitles":["TestLogger","Edge Cases"],"fullName":"TestLogger Edge Cases sollte mit sehr langen Nachrichten umgehen","status":"passed","title":"sollte mit sehr langen Nachrichten umgehen","duration":0.6120829999999842,"failureMessages":[],"meta":{}},{"ancestorTitles":["TestLogger","Edge Cases"],"fullName":"TestLogger Edge Cases sollte mit komplexen Datenobjekten umgehen","status":"passed","title":"sollte mit komplexen Datenobjekten umgehen","duration":0.6352080000000342,"failureMessages":[],"meta":{}},{"ancestorTitles":["Globale Logger-Funktionen","initializeTestLogger"],"fullName":"Globale Logger-Funktionen initializeTestLogger sollte globalen Logger initialisieren","status":"passed","title":"sollte globalen Logger initialisieren","duration":0.9491669999999885,"failureMessages":[],"meta":{}},{"ancestorTitles":["Globale Logger-Funktionen","initializeTestLogger"],"fullName":"Globale Logger-Funktionen initializeTestLogger sollte Standard-Level verwenden wenn nicht angegeben","status":"passed","title":"sollte Standard-Level verwenden wenn nicht angegeben","duration":0.39841599999999744,"failureMessages":[],"meta":{}},{"ancestorTitles":["Globale Logger-Funktionen","getTestLogger"],"fullName":"Globale Logger-Funktionen getTestLogger sollte null zurückgeben wenn nicht initialisiert","status":"passed","title":"sollte null zurückgeben wenn nicht initialisiert","duration":0.15499999999997272,"failureMessages":[],"meta":{}},{"ancestorTitles":["Globale Logger-Funktionen","getTestLogger"],"fullName":"Globale Logger-Funktionen getTestLogger sollte initialisierten Logger zurückgeben","status":"passed","title":"sollte initialisierten Logger zurückgeben","duration":0.13724999999999454,"failureMessages":[],"meta":{}},{"ancestorTitles":["Logger-Hilfsfunktionen","Test-Logging"],"fullName":"Logger-Hilfsfunktionen Test-Logging sollte Test-Start loggen","status":"passed","title":"sollte Test-Start loggen","duration":1.1062499999999318,"failureMessages":[],"meta":{}},{"ancestorTitles":["Logger-Hilfsfunktionen","Test-Logging"],"fullName":"Logger-Hilfsfunktionen Test-Logging sollte Test-Erfolg mit Dauer loggen","status":"passed","title":"sollte Test-Erfolg mit Dauer loggen","duration":1.3626659999999902,"failureMessages":[],"meta":{}},{"ancestorTitles":["Logger-Hilfsfunktionen","Test-Logging"],"fullName":"Logger-Hilfsfunktionen Test-Logging sollte Test-Fehler mit Daten loggen","status":"passed","title":"sollte Test-Fehler mit Daten loggen","duration":0.6034170000000358,"failureMessages":[],"meta":{}},{"ancestorTitles":["Logger-Hilfsfunktionen","Test-Logging"],"fullName":"Logger-Hilfsfunktionen Test-Logging sollte Test-Überspringen loggen","status":"passed","title":"sollte Test-Überspringen loggen","duration":0.5272499999999809,"failureMessages":[],"meta":{}},{"ancestorTitles":["Logger-Hilfsfunktionen","API-Logging"],"fullName":"Logger-Hilfsfunktionen API-Logging sollte API-Requests loggen","status":"passed","title":"sollte API-Requests loggen","duration":0.6564590000000408,"failureMessages":[],"meta":{}},{"ancestorTitles":["Logger-Hilfsfunktionen","API-Logging"],"fullName":"Logger-Hilfsfunktionen API-Logging sollte API-Responses mit Status loggen","status":"passed","title":"sollte API-Responses mit Status loggen","duration":0.6128329999999096,"failureMessages":[],"meta":{}},{"ancestorTitles":["Logger-Hilfsfunktionen","API-Logging"],"fullName":"Logger-Hilfsfunktionen API-Logging sollte API-Fehler loggen","status":"passed","title":"sollte API-Fehler loggen","duration":0.6897500000000036,"failureMessages":[],"meta":{}},{"ancestorTitles":["Logger-Hilfsfunktionen","Datenbank-Logging"],"fullName":"Logger-Hilfsfunktionen Datenbank-Logging sollte Datenbank-Verbindungen loggen","status":"passed","title":"sollte Datenbank-Verbindungen loggen","duration":2.5714169999999967,"failureMessages":[],"meta":{}},{"ancestorTitles":["Logger-Hilfsfunktionen","Datenbank-Logging"],"fullName":"Logger-Hilfsfunktionen Datenbank-Logging sollte Datenbank-Abfragen loggen","status":"passed","title":"sollte Datenbank-Abfragen loggen","duration":1.2204580000000078,"failureMessages":[],"meta":{}},{"ancestorTitles":["Logger-Hilfsfunktionen","Performance-Logging"],"fullName":"Logger-Hilfsfunktionen Performance-Logging sollte langsame Operationen warnen","status":"passed","title":"sollte langsame Operationen warnen","duration":0.9057500000000118,"failureMessages":[],"meta":{}},{"ancestorTitles":["Logger-Hilfsfunktionen","Performance-Logging"],"fullName":"Logger-Hilfsfunktionen Performance-Logging sollte hohen Speicherverbrauch warnen","status":"passed","title":"sollte hohen Speicherverbrauch warnen","duration":0.7855840000000853,"failureMessages":[],"meta":{}},{"ancestorTitles":["Logger-Integrationstests"],"fullName":"Logger-Integrationstests sollte komplexe Logging-Szenarien handhaben","status":"passed","title":"sollte komplexe Logging-Szenarien handhaben","duration":7.076084000000037,"failureMessages":[],"meta":{}},{"ancestorTitles":["Logger-Integrationstests"],"fullName":"Logger-Integrationstests sollte Memory-Leaks vermeiden","status":"passed","title":"sollte Memory-Leaks vermeiden","duration":121.27283299999999,"failureMessages":[],"meta":{}}],"startTime":1756415121792,"endTime":1756415121965.273,"status":"passed","message":"","name":"/Users/lucas/Downloads/EvolutionHub_Bundle_v1.7_full/evolution-hub/test-suite-v2/src/unit/utils/logger.test.ts"},{"assertionResults":[{"ancestorTitles":["Server-Helper","setupTestServer"],"fullName":"Server-Helper setupTestServer sollte erfolgreich einen Test-Server einrichten","status":"passed","title":"sollte erfolgreich einen Test-Server einrichten","duration":7.981958000000077,"failureMessages":[],"meta":{}},{"ancestorTitles":["Server-Helper","setupTestServer"],"fullName":"Server-Helper setupTestServer sollte Basis-Routen registrieren","status":"passed","title":"sollte Basis-Routen registrieren","duration":12.140166999999906,"failureMessages":[],"meta":{}},{"ancestorTitles":["Server-Helper","setupTestServer"],"fullName":"Server-Helper setupTestServer sollte bei Fehlern korrekt reagieren","status":"passed","title":"sollte bei Fehlern korrekt reagieren","duration":2.064457999999945,"failureMessages":[],"meta":{}},{"ancestorTitles":["Server-Helper","teardownTestServer"],"fullName":"Server-Helper teardownTestServer sollte Server erfolgreich stoppen","status":"passed","title":"sollte Server erfolgreich stoppen","duration":2.6385830000000396,"failureMessages":[],"meta":{}},{"ancestorTitles":["Server-Helper","teardownTestServer"],"fullName":"Server-Helper teardownTestServer sollte bei Fehlern korrekt reagieren","status":"passed","title":"sollte bei Fehlern korrekt reagieren","duration":2.508958000000007,"failureMessages":[],"meta":{}},{"ancestorTitles":["Server-Helper","Basis-Routen","Health-Check-Endpunkt"],"fullName":"Server-Helper Basis-Routen Health-Check-Endpunkt sollte Gesundheitsstatus zurückgeben","status":"passed","title":"sollte Gesundheitsstatus zurückgeben","duration":2.97849999999994,"failureMessages":[],"meta":{}},{"ancestorTitles":["Server-Helper","Basis-Routen","Health-Check-Endpunkt"],"fullName":"Server-Helper Basis-Routen Health-Check-Endpunkt sollte Request-Counter erhöhen","status":"passed","title":"sollte Request-Counter erhöhen","duration":2.5470410000000356,"failureMessages":[],"meta":{}},{"ancestorTitles":["Server-Helper","Basis-Routen","API-Status-Endpunkt"],"fullName":"Server-Helper Basis-Routen API-Status-Endpunkt sollte API-Status zurückgeben","status":"passed","title":"sollte API-Status zurückgeben","duration":8.039582999999993,"failureMessages":[],"meta":{}},{"ancestorTitles":["Server-Helper","Authentifizierungs-Routen","POST /api/auth/login"],"fullName":"Server-Helper Authentifizierungs-Routen POST /api/auth/login sollte erfolgreichen Login für Admin-Benutzer verarbeiten","status":"passed","title":"sollte erfolgreichen Login für Admin-Benutzer verarbeiten","duration":9.239041000000043,"failureMessages":[],"meta":{}},{"ancestorTitles":["Server-Helper","Authentifizierungs-Routen","POST /api/auth/login"],"fullName":"Server-Helper Authentifizierungs-Routen POST /api/auth/login sollte erfolgreichen Login für regulären Benutzer verarbeiten","status":"passed","title":"sollte erfolgreichen Login für regulären Benutzer verarbeiten","duration":13.508082999999942,"failureMessages":[],"meta":{}},{"ancestorTitles":["Server-Helper","Authentifizierungs-Routen","POST /api/auth/login"],"fullName":"Server-Helper Authentifizierungs-Routen POST /api/auth/login sollte fehlgeschlagenen Login bei falschen Anmeldedaten verarbeiten","status":"passed","title":"sollte fehlgeschlagenen Login bei falschen Anmeldedaten verarbeiten","duration":2.9338749999999436,"failureMessages":[],"meta":{}},{"ancestorTitles":["Server-Helper","Authentifizierungs-Routen","POST /api/auth/login"],"fullName":"Server-Helper Authentifizierungs-Routen POST /api/auth/login sollte fehlgeschlagenen Login bei fehlenden Feldern verarbeiten","status":"passed","title":"sollte fehlgeschlagenen Login bei fehlenden Feldern verarbeiten","duration":2.2067500000000564,"failureMessages":[],"meta":{}},{"ancestorTitles":["Server-Helper","Authentifizierungs-Routen","POST /api/auth/logout"],"fullName":"Server-Helper Authentifizierungs-Routen POST /api/auth/logout sollte erfolgreichen Logout verarbeiten","status":"passed","title":"sollte erfolgreichen Logout verarbeiten","duration":2.552541999999903,"failureMessages":[],"meta":{}},{"ancestorTitles":["Server-Helper","Authentifizierungs-Routen","POST /api/auth/register"],"fullName":"Server-Helper Authentifizierungs-Routen POST /api/auth/register sollte erfolgreiche Registrierung verarbeiten","status":"passed","title":"sollte erfolgreiche Registrierung verarbeiten","duration":2.5039580000000115,"failureMessages":[],"meta":{}},{"ancestorTitles":["Server-Helper","Authentifizierungs-Routen","POST /api/auth/register"],"fullName":"Server-Helper Authentifizierungs-Routen POST /api/auth/register sollte Registrierung bei bereits existierendem Benutzer ablehnen","status":"passed","title":"sollte Registrierung bei bereits existierendem Benutzer ablehnen","duration":5.293000000000006,"failureMessages":[],"meta":{}},{"ancestorTitles":["Server-Helper","Authentifizierungs-Routen","POST /api/auth/register"],"fullName":"Server-Helper Authentifizierungs-Routen POST /api/auth/register sollte Registrierung bei fehlenden Feldern ablehnen","status":"passed","title":"sollte Registrierung bei fehlenden Feldern ablehnen","duration":10.163415999999984,"failureMessages":[],"meta":{}},{"ancestorTitles":["Server-Helper","Dashboard-Routen","GET /api/dashboard/stats"],"fullName":"Server-Helper Dashboard-Routen GET /api/dashboard/stats sollte Dashboard-Statistiken zurückgeben","status":"passed","title":"sollte Dashboard-Statistiken zurückgeben","duration":3.81574999999998,"failureMessages":[],"meta":{}},{"ancestorTitles":["Server-Helper","Dashboard-Routen","GET /api/dashboard/activity"],"fullName":"Server-Helper Dashboard-Routen GET /api/dashboard/activity sollte Dashboard-Aktivitäten zurückgeben","status":"passed","title":"sollte Dashboard-Aktivitäten zurückgeben","duration":2.836082999999917,"failureMessages":[],"meta":{}},{"ancestorTitles":["Server-Helper","Newsletter-Routen","POST /api/newsletter/subscribe"],"fullName":"Server-Helper Newsletter-Routen POST /api/newsletter/subscribe sollte erfolgreiches Abonnement verarbeiten","status":"passed","title":"sollte erfolgreiches Abonnement verarbeiten","duration":5.726625000000013,"failureMessages":[],"meta":{}},{"ancestorTitles":["Server-Helper","Newsletter-Routen","POST /api/newsletter/subscribe"],"fullName":"Server-Helper Newsletter-Routen POST /api/newsletter/subscribe sollte bereits abonnierten Benutzer ablehnen","status":"passed","title":"sollte bereits abonnierten Benutzer ablehnen","duration":3.984375,"failureMessages":[],"meta":{}},{"ancestorTitles":["Server-Helper","Newsletter-Routen","POST /api/newsletter/subscribe"],"fullName":"Server-Helper Newsletter-Routen POST /api/newsletter/subscribe sollte fehlende Email ablehnen","status":"passed","title":"sollte fehlende Email ablehnen","duration":1.944667000000095,"failureMessages":[],"meta":{}},{"ancestorTitles":["Server-Helper","Newsletter-Routen","POST /api/newsletter/unsubscribe"],"fullName":"Server-Helper Newsletter-Routen POST /api/newsletter/unsubscribe sollte erfolgreiche Abmeldung verarbeiten","status":"passed","title":"sollte erfolgreiche Abmeldung verarbeiten","duration":3.5319170000000213,"failureMessages":[],"meta":{}},{"ancestorTitles":["Server-Helper","Newsletter-Routen","POST /api/newsletter/unsubscribe"],"fullName":"Server-Helper Newsletter-Routen POST /api/newsletter/unsubscribe sollte fehlende Email ablehnen","status":"passed","title":"sollte fehlende Email ablehnen","duration":3.5482500000000528,"failureMessages":[],"meta":{}},{"ancestorTitles":["Server-Helper","createMockRoute"],"fullName":"Server-Helper createMockRoute sollte benutzerdefinierte Mock-Route erstellen","status":"passed","title":"sollte benutzerdefinierte Mock-Route erstellen","duration":2.7451670000000377,"failureMessages":[],"meta":{}},{"ancestorTitles":["Server-Helper","createMockRoute"],"fullName":"Server-Helper createMockRoute sollte Mock-Route mit Verzögerung erstellen","status":"passed","title":"sollte Mock-Route mit Verzögerung erstellen","duration":104.14445899999998,"failureMessages":[],"meta":{}},{"ancestorTitles":["Server-Helper","createMockRoute"],"fullName":"Server-Helper createMockRoute sollte Mock-Route mit benutzerdefinierten Headern erstellen","status":"passed","title":"sollte Mock-Route mit benutzerdefinierten Headern erstellen","duration":3.8985839999999143,"failureMessages":[],"meta":{}},{"ancestorTitles":["Server-Helper","removeMockRoute"],"fullName":"Server-Helper removeMockRoute sollte Mock-Route entfernen","status":"passed","title":"sollte Mock-Route entfernen","duration":4.695541999999932,"failureMessages":[],"meta":{}},{"ancestorTitles":["Server-Helper","removeMockRoute"],"fullName":"Server-Helper removeMockRoute sollte nicht vorhandene Route stillschweigend ignorieren","status":"passed","title":"sollte nicht vorhandene Route stillschweigend ignorieren","duration":3.2092499999999973,"failureMessages":[],"meta":{}},{"ancestorTitles":["Server-Helper","makeTestRequest"],"fullName":"Server-Helper makeTestRequest sollte erfolgreiche Anfragen verarbeiten","status":"passed","title":"sollte erfolgreiche Anfragen verarbeiten","duration":2.6057499999999436,"failureMessages":[],"meta":{}},{"ancestorTitles":["Server-Helper","makeTestRequest"],"fullName":"Server-Helper makeTestRequest sollte Logger über API-Aufrufe informieren","status":"passed","title":"sollte Logger über API-Aufrufe informieren","duration":2.6155840000000126,"failureMessages":[],"meta":{}},{"ancestorTitles":["Server-Helper","makeTestRequest"],"fullName":"Server-Helper makeTestRequest sollte Fehler bei nicht vorhandenen Routen behandeln","status":"passed","title":"sollte Fehler bei nicht vorhandenen Routen behandeln","duration":6.941374999999994,"failureMessages":[],"meta":{}},{"ancestorTitles":["Server-Helper","makeTestRequest"],"fullName":"Server-Helper makeTestRequest sollte Query-Parameter verarbeiten","status":"passed","title":"sollte Query-Parameter verarbeiten","duration":3.192542000000117,"failureMessages":[],"meta":{}},{"ancestorTitles":["Server-Helper","makeTestRequest"],"fullName":"Server-Helper makeTestRequest sollte Header verarbeiten","status":"passed","title":"sollte Header verarbeiten","duration":2.327250000000049,"failureMessages":[],"meta":{}},{"ancestorTitles":["Server-Helper","makeTestRequest"],"fullName":"Server-Helper makeTestRequest sollte Request-Body verarbeiten","status":"passed","title":"sollte Request-Body verarbeiten","duration":3.739917000000105,"failureMessages":[],"meta":{}},{"ancestorTitles":["Server-Helper","Edge Cases und Fehlerbehandlung"],"fullName":"Server-Helper Edge Cases und Fehlerbehandlung sollte mit leeren Request-Bodies umgehen","status":"passed","title":"sollte mit leeren Request-Bodies umgehen","duration":2.7632089999999607,"failureMessages":[],"meta":{}},{"ancestorTitles":["Server-Helper","Edge Cases und Fehlerbehandlung"],"fullName":"Server-Helper Edge Cases und Fehlerbehandlung sollte mit null/undefined Werten umgehen","status":"passed","title":"sollte mit null/undefined Werten umgehen","duration":2.599375000000009,"failureMessages":[],"meta":{}},{"ancestorTitles":["Server-Helper","Edge Cases und Fehlerbehandlung"],"fullName":"Server-Helper Edge Cases und Fehlerbehandlung sollte mit sehr großen Payloads umgehen","status":"passed","title":"sollte mit sehr großen Payloads umgehen","duration":2.1250840000000153,"failureMessages":[],"meta":{}},{"ancestorTitles":["Server-Helper","Edge Cases und Fehlerbehandlung"],"fullName":"Server-Helper Edge Cases und Fehlerbehandlung sollte Route-Handler-Fehler behandeln","status":"passed","title":"sollte Route-Handler-Fehler behandeln","duration":5.245290999999952,"failureMessages":[],"meta":{}},{"ancestorTitles":["Server-Helper","Performance und Ressourcen-Management"],"fullName":"Server-Helper Performance und Ressourcen-Management sollte Request-Counter korrekt verwalten","status":"passed","title":"sollte Request-Counter korrekt verwalten","duration":2.6662079999998696,"failureMessages":[],"meta":{}},{"ancestorTitles":["Server-Helper","Performance und Ressourcen-Management"],"fullName":"Server-Helper Performance und Ressourcen-Management sollte Server-Uptime korrekt berechnen","status":"passed","title":"sollte Server-Uptime korrekt berechnen","duration":13.433042000000114,"failureMessages":[],"meta":{}},{"ancestorTitles":["Server-Helper","Performance und Ressourcen-Management"],"fullName":"Server-Helper Performance und Ressourcen-Management sollte mehrere Routen effizient verwalten","status":"passed","title":"sollte mehrere Routen effizient verwalten","duration":11.65449999999987,"failureMessages":[],"meta":{}}],"startTime":1756415121797,"endTime":1756415122096.6545,"status":"passed","message":"","name":"/Users/lucas/Downloads/EvolutionHub_Bundle_v1.7_full/evolution-hub/test-suite-v2/src/unit/utils/server-helpers.test.ts"}]}