{"numTotalTestSuites":60,"numPassedTestSuites":60,"numFailedTestSuites":0,"numPendingTestSuites":0,"numTotalTests":122,"numPassedTests":118,"numFailedTests":4,"numPendingTests":0,"numTodoTests":0,"startTime":1756407425331,"success":false,"testResults":[{"assertionResults":[{"ancestorTitles":["","Datenbank-Helper","setupTestDatabase"],"fullName":" Datenbank-Helper setupTestDatabase sollte erfolgreich eine Test-Datenbank einrichten","status":"passed","title":"sollte erfolgreich eine Test-Datenbank einrichten","duration":2,"failureMessages":[]},{"ancestorTitles":["","Datenbank-Helper","setupTestDatabase"],"fullName":" Datenbank-Helper setupTestDatabase sollte Datenbank-Schema initialisieren","status":"passed","title":"sollte Datenbank-Schema initialisieren","duration":2,"failureMessages":[]},{"ancestorTitles":["","Datenbank-Helper","setupTestDatabase"],"fullName":" Datenbank-Helper setupTestDatabase sollte Test-Fixtures laden","status":"passed","title":"sollte Test-Fixtures laden","duration":1,"failureMessages":[]},{"ancestorTitles":["","Datenbank-Helper","setupTestDatabase"],"fullName":" Datenbank-Helper setupTestDatabase sollte bei Fehlern korrekt reagieren","status":"passed","title":"sollte bei Fehlern korrekt reagieren","duration":1,"failureMessages":[]},{"ancestorTitles":["","Datenbank-Helper","teardownTestDatabase"],"fullName":" Datenbank-Helper teardownTestDatabase sollte Datenbank erfolgreich aufräumen","status":"passed","title":"sollte Datenbank erfolgreich aufräumen","duration":1,"failureMessages":[]},{"ancestorTitles":["","Datenbank-Helper","teardownTestDatabase"],"fullName":" Datenbank-Helper teardownTestDatabase sollte bei Fehlern korrekt reagieren","status":"passed","title":"sollte bei Fehlern korrekt reagieren","duration":1,"failureMessages":[]},{"ancestorTitles":["","Datenbank-Helper","teardownTestDatabase"],"fullName":" Datenbank-Helper teardownTestDatabase sollte mit bereits geschlossenen Verbindungen umgehen","status":"passed","title":"sollte mit bereits geschlossenen Verbindungen umgehen","duration":2,"failureMessages":[]},{"ancestorTitles":["","Datenbank-Helper","createTransaction"],"fullName":" Datenbank-Helper createTransaction sollte eine Transaktion erstellen","status":"passed","title":"sollte eine Transaktion erstellen","duration":2,"failureMessages":[]},{"ancestorTitles":["","Datenbank-Helper","createTransaction"],"fullName":" Datenbank-Helper createTransaction sollte Queries in Transaktion ausführen","status":"passed","title":"sollte Queries in Transaktion ausführen","duration":2,"failureMessages":[]},{"ancestorTitles":["","Datenbank-Helper","createTransaction"],"fullName":" Datenbank-Helper createTransaction sollte Commit ausführen","status":"passed","title":"sollte Commit ausführen","duration":2,"failureMessages":[]},{"ancestorTitles":["","Datenbank-Helper","createTransaction"],"fullName":" Datenbank-Helper createTransaction sollte Rollback ausführen","status":"passed","title":"sollte Rollback ausführen","duration":1,"failureMessages":[]},{"ancestorTitles":["","Datenbank-Helper","createDatabaseFactory"],"fullName":" Datenbank-Helper createDatabaseFactory sollte eine Datenbank-Factory erstellen","status":"passed","title":"sollte eine Datenbank-Factory erstellen","duration":1,"failureMessages":[]},{"ancestorTitles":["","Datenbank-Helper","createDatabaseFactory"],"fullName":" Datenbank-Helper createDatabaseFactory sollte Datenbanken erstellen und verfolgen","status":"passed","title":"sollte Datenbanken erstellen und verfolgen","duration":1,"failureMessages":[]},{"ancestorTitles":["","Datenbank-Helper","createDatabaseFactory"],"fullName":" Datenbank-Helper createDatabaseFactory sollte alle Datenbanken aufräumen","status":"passed","title":"sollte alle Datenbanken aufräumen","duration":2,"failureMessages":[]},{"ancestorTitles":["","Datenbank-Helper","Schema-Initialisierung"],"fullName":" Datenbank-Helper Schema-Initialisierung sollte alle erforderlichen Tabellen erstellen","status":"passed","title":"sollte alle erforderlichen Tabellen erstellen","duration":3,"failureMessages":[]},{"ancestorTitles":["","Datenbank-Helper","Schema-Initialisierung"],"fullName":" Datenbank-Helper Schema-Initialisierung sollte korrekte Tabellen-Strukturen definieren","status":"passed","title":"sollte korrekte Tabellen-Strukturen definieren","duration":1,"failureMessages":[]},{"ancestorTitles":["","Datenbank-Helper","Fixture-Laden"],"fullName":" Datenbank-Helper Fixture-Laden sollte Test-Benutzer einfügen","status":"passed","title":"sollte Test-Benutzer einfügen","duration":0,"failureMessages":[]},{"ancestorTitles":["","Datenbank-Helper","Fixture-Laden"],"fullName":" Datenbank-Helper Fixture-Laden sollte Newsletter-Abonnements einfügen","status":"passed","title":"sollte Newsletter-Abonnements einfügen","duration":1,"failureMessages":[]},{"ancestorTitles":["","Datenbank-Helper","Fehlerbehandlung"],"fullName":" Datenbank-Helper Fehlerbehandlung sollte Schema-Initialisierungsfehler behandeln","status":"passed","title":"sollte Schema-Initialisierungsfehler behandeln","duration":1,"failureMessages":[]},{"ancestorTitles":["","Datenbank-Helper","Fehlerbehandlung"],"fullName":" Datenbank-Helper Fehlerbehandlung sollte Fixture-Ladefehler behandeln","status":"passed","title":"sollte Fixture-Ladefehler behandeln","duration":0,"failureMessages":[]},{"ancestorTitles":["","Datenbank-Helper","Fehlerbehandlung"],"fullName":" Datenbank-Helper Fehlerbehandlung sollte bei Verbindungsfehlern korrekt reagieren","status":"passed","title":"sollte bei Verbindungsfehlern korrekt reagieren","duration":1,"failureMessages":[]},{"ancestorTitles":["","Datenbank-Helper","Performance und Ressourcen"],"fullName":" Datenbank-Helper Performance und Ressourcen sollte Datenbank-Namen eindeutig generieren","status":"passed","title":"sollte Datenbank-Namen eindeutig generieren","duration":0,"failureMessages":[]},{"ancestorTitles":["","Datenbank-Helper","Performance und Ressourcen"],"fullName":" Datenbank-Helper Performance und Ressourcen sollte Speicher effizient verwalten","status":"passed","title":"sollte Speicher effizient verwalten","duration":1,"failureMessages":[]},{"ancestorTitles":["","Datenbank-Helper","Integration mit Logger"],"fullName":" Datenbank-Helper Integration mit Logger sollte Logger bei erfolgreichem Setup informieren","status":"passed","title":"sollte Logger bei erfolgreichem Setup informieren","duration":1,"failureMessages":[]},{"ancestorTitles":["","Datenbank-Helper","Integration mit Logger"],"fullName":" Datenbank-Helper Integration mit Logger sollte Logger bei erfolgreichem Cleanup informieren","status":"passed","title":"sollte Logger bei erfolgreichem Cleanup informieren","duration":0,"failureMessages":[]},{"ancestorTitles":["","Datenbank-Helper","Integration mit Logger"],"fullName":" Datenbank-Helper Integration mit Logger sollte Logger bei Fehlern informieren","status":"passed","title":"sollte Logger bei Fehlern informieren","duration":1,"failureMessages":[]}],"startTime":1756407425940,"endTime":1756407425971,"status":"passed","message":"","name":"/Users/lucas/Downloads/EvolutionHub_Bundle_v1.7_full/evolution-hub/test-suite-v2/src/unit/utils/database-helpers.test.ts"},{"assertionResults":[{"ancestorTitles":["","TestLogger","Logger-Initialisierung"],"fullName":" TestLogger Logger-Initialisierung sollte einen Logger mit Standard-Level INFO erstellen","status":"passed","title":"sollte einen Logger mit Standard-Level INFO erstellen","duration":2,"failureMessages":[]},{"ancestorTitles":["","TestLogger","Logger-Initialisierung"],"fullName":" TestLogger Logger-Initialisierung sollte einen Logger mit spezifischem Level erstellen","status":"passed","title":"sollte einen Logger mit spezifischem Level erstellen","duration":0,"failureMessages":[]},{"ancestorTitles":["","TestLogger","Logger-Initialisierung"],"fullName":" TestLogger Logger-Initialisierung sollte den korrekten Log-Level setzen","status":"passed","title":"sollte den korrekten Log-Level setzen","duration":0,"failureMessages":[]},{"ancestorTitles":["","TestLogger","Log-Level-Management"],"fullName":" TestLogger Log-Level-Management sollte alle definierten Log-Levels haben","status":"passed","title":"sollte alle definierten Log-Levels haben","duration":1,"failureMessages":[]},{"ancestorTitles":["","TestLogger","Log-Level-Management"],"fullName":" TestLogger Log-Level-Management sollte Nachrichten basierend auf Level filtern","status":"passed","title":"sollte Nachrichten basierend auf Level filtern","duration":0,"failureMessages":[]},{"ancestorTitles":["","TestLogger","Logging-Methoden"],"fullName":" TestLogger Logging-Methoden sollte ERROR-Nachrichten korrekt loggen","status":"passed","title":"sollte ERROR-Nachrichten korrekt loggen","duration":1,"failureMessages":[]},{"ancestorTitles":["","TestLogger","Logging-Methoden"],"fullName":" TestLogger Logging-Methoden sollte WARN-Nachrichten korrekt loggen","status":"passed","title":"sollte WARN-Nachrichten korrekt loggen","duration":1,"failureMessages":[]},{"ancestorTitles":["","TestLogger","Logging-Methoden"],"fullName":" TestLogger Logging-Methoden sollte INFO-Nachrichten korrekt loggen","status":"passed","title":"sollte INFO-Nachrichten korrekt loggen","duration":1,"failureMessages":[]},{"ancestorTitles":["","TestLogger","Logging-Methoden"],"fullName":" TestLogger Logging-Methoden sollte DEBUG-Nachrichten korrekt loggen","status":"passed","title":"sollte DEBUG-Nachrichten korrekt loggen","duration":1,"failureMessages":[]},{"ancestorTitles":["","TestLogger","Kontext-Management"],"fullName":" TestLogger Kontext-Management sollte Kontext korrekt setzen und verwenden","status":"passed","title":"sollte Kontext korrekt setzen und verwenden","duration":0,"failureMessages":[]},{"ancestorTitles":["","TestLogger","Kontext-Management"],"fullName":" TestLogger Kontext-Management sollte Kontext in Konsolen-Ausgabe anzeigen","status":"passed","title":"sollte Kontext in Konsolen-Ausgabe anzeigen","duration":0,"failureMessages":[]},{"ancestorTitles":["","TestLogger","Log-Verwaltung"],"fullName":" TestLogger Log-Verwaltung sollte alle Logs zurückgeben","status":"passed","title":"sollte alle Logs zurückgeben","duration":1,"failureMessages":[]},{"ancestorTitles":["","TestLogger","Log-Verwaltung"],"fullName":" TestLogger Log-Verwaltung sollte Logs nach Level filtern","status":"passed","title":"sollte Logs nach Level filtern","duration":0,"failureMessages":[]},{"ancestorTitles":["","TestLogger","Log-Verwaltung"],"fullName":" TestLogger Log-Verwaltung sollte Logs löschen können","status":"passed","title":"sollte Logs löschen können","duration":0,"failureMessages":[]},{"ancestorTitles":["","TestLogger","Log-Verwaltung"],"fullName":" TestLogger Log-Verwaltung sollte Log-Export funktionieren","status":"passed","title":"sollte Log-Export funktionieren","duration":1,"failureMessages":[]},{"ancestorTitles":["","TestLogger","Log-Verwaltung"],"fullName":" TestLogger Log-Verwaltung sollte korrekte Log-Zusammenfassung erstellen","status":"passed","title":"sollte korrekte Log-Zusammenfassung erstellen","duration":0,"failureMessages":[]},{"ancestorTitles":["","TestLogger","Zeitstempel und Metadaten"],"fullName":" TestLogger Zeitstempel und Metadaten sollte korrekte Zeitstempel hinzufügen","status":"passed","title":"sollte korrekte Zeitstempel hinzufügen","duration":0,"failureMessages":[]},{"ancestorTitles":["","TestLogger","Zeitstempel und Metadaten"],"fullName":" TestLogger Zeitstempel und Metadaten sollte alle erforderlichen Metadaten enthalten","status":"passed","title":"sollte alle erforderlichen Metadaten enthalten","duration":1,"failureMessages":[]},{"ancestorTitles":["","TestLogger","Konsolen-Ausgabe-Formatierung"],"fullName":" TestLogger Konsolen-Ausgabe-Formatierung sollte Zeitstempel in Ausgabe enthalten","status":"passed","title":"sollte Zeitstempel in Ausgabe enthalten","duration":1,"failureMessages":[]},{"ancestorTitles":["","TestLogger","Konsolen-Ausgabe-Formatierung"],"fullName":" TestLogger Konsolen-Ausgabe-Formatierung sollte Log-Level in Ausgabe enthalten","status":"passed","title":"sollte Log-Level in Ausgabe enthalten","duration":1,"failureMessages":[]},{"ancestorTitles":["","TestLogger","Konsolen-Ausgabe-Formatierung"],"fullName":" TestLogger Konsolen-Ausgabe-Formatierung sollte Emojis für verschiedene Level verwenden","status":"passed","title":"sollte Emojis für verschiedene Level verwenden","duration":3,"failureMessages":[]},{"ancestorTitles":["","TestLogger","Edge Cases"],"fullName":" TestLogger Edge Cases sollte mit leeren Nachrichten umgehen","status":"passed","title":"sollte mit leeren Nachrichten umgehen","duration":1,"failureMessages":[]},{"ancestorTitles":["","TestLogger","Edge Cases"],"fullName":" TestLogger Edge Cases sollte mit null/undefined Daten umgehen","status":"passed","title":"sollte mit null/undefined Daten umgehen","duration":0,"failureMessages":[]},{"ancestorTitles":["","TestLogger","Edge Cases"],"fullName":" TestLogger Edge Cases sollte mit sehr langen Nachrichten umgehen","status":"passed","title":"sollte mit sehr langen Nachrichten umgehen","duration":1,"failureMessages":[]},{"ancestorTitles":["","TestLogger","Edge Cases"],"fullName":" TestLogger Edge Cases sollte mit komplexen Datenobjekten umgehen","status":"passed","title":"sollte mit komplexen Datenobjekten umgehen","duration":2,"failureMessages":[]},{"ancestorTitles":["","Globale Logger-Funktionen","initializeTestLogger"],"fullName":" Globale Logger-Funktionen initializeTestLogger sollte globalen Logger initialisieren","status":"passed","title":"sollte globalen Logger initialisieren","duration":1,"failureMessages":[]},{"ancestorTitles":["","Globale Logger-Funktionen","initializeTestLogger"],"fullName":" Globale Logger-Funktionen initializeTestLogger sollte Standard-Level verwenden wenn nicht angegeben","status":"passed","title":"sollte Standard-Level verwenden wenn nicht angegeben","duration":0,"failureMessages":[]},{"ancestorTitles":["","Globale Logger-Funktionen","getTestLogger"],"fullName":" Globale Logger-Funktionen getTestLogger sollte null zurückgeben wenn nicht initialisiert","status":"passed","title":"sollte null zurückgeben wenn nicht initialisiert","duration":0,"failureMessages":[]},{"ancestorTitles":["","Globale Logger-Funktionen","getTestLogger"],"fullName":" Globale Logger-Funktionen getTestLogger sollte initialisierten Logger zurückgeben","status":"passed","title":"sollte initialisierten Logger zurückgeben","duration":0,"failureMessages":[]},{"ancestorTitles":["","Logger-Hilfsfunktionen","Test-Logging"],"fullName":" Logger-Hilfsfunktionen Test-Logging sollte Test-Start loggen","status":"passed","title":"sollte Test-Start loggen","duration":1,"failureMessages":[]},{"ancestorTitles":["","Logger-Hilfsfunktionen","Test-Logging"],"fullName":" Logger-Hilfsfunktionen Test-Logging sollte Test-Erfolg mit Dauer loggen","status":"passed","title":"sollte Test-Erfolg mit Dauer loggen","duration":0,"failureMessages":[]},{"ancestorTitles":["","Logger-Hilfsfunktionen","Test-Logging"],"fullName":" Logger-Hilfsfunktionen Test-Logging sollte Test-Fehler mit Daten loggen","status":"passed","title":"sollte Test-Fehler mit Daten loggen","duration":1,"failureMessages":[]},{"ancestorTitles":["","Logger-Hilfsfunktionen","Test-Logging"],"fullName":" Logger-Hilfsfunktionen Test-Logging sollte Test-Überspringen loggen","status":"passed","title":"sollte Test-Überspringen loggen","duration":1,"failureMessages":[]},{"ancestorTitles":["","Logger-Hilfsfunktionen","API-Logging"],"fullName":" Logger-Hilfsfunktionen API-Logging sollte API-Requests loggen","status":"passed","title":"sollte API-Requests loggen","duration":1,"failureMessages":[]},{"ancestorTitles":["","Logger-Hilfsfunktionen","API-Logging"],"fullName":" Logger-Hilfsfunktionen API-Logging sollte API-Responses mit Status loggen","status":"passed","title":"sollte API-Responses mit Status loggen","duration":1,"failureMessages":[]},{"ancestorTitles":["","Logger-Hilfsfunktionen","API-Logging"],"fullName":" Logger-Hilfsfunktionen API-Logging sollte API-Fehler loggen","status":"passed","title":"sollte API-Fehler loggen","duration":0,"failureMessages":[]},{"ancestorTitles":["","Logger-Hilfsfunktionen","Datenbank-Logging"],"fullName":" Logger-Hilfsfunktionen Datenbank-Logging sollte Datenbank-Verbindungen loggen","status":"passed","title":"sollte Datenbank-Verbindungen loggen","duration":0,"failureMessages":[]},{"ancestorTitles":["","Logger-Hilfsfunktionen","Datenbank-Logging"],"fullName":" Logger-Hilfsfunktionen Datenbank-Logging sollte Datenbank-Abfragen loggen","status":"passed","title":"sollte Datenbank-Abfragen loggen","duration":1,"failureMessages":[]},{"ancestorTitles":["","Logger-Hilfsfunktionen","Performance-Logging"],"fullName":" Logger-Hilfsfunktionen Performance-Logging sollte langsame Operationen warnen","status":"passed","title":"sollte langsame Operationen warnen","duration":1,"failureMessages":[]},{"ancestorTitles":["","Logger-Hilfsfunktionen","Performance-Logging"],"fullName":" Logger-Hilfsfunktionen Performance-Logging sollte hohen Speicherverbrauch warnen","status":"passed","title":"sollte hohen Speicherverbrauch warnen","duration":1,"failureMessages":[]},{"ancestorTitles":["","Logger-Integrationstests"],"fullName":" Logger-Integrationstests sollte komplexe Logging-Szenarien handhaben","status":"passed","title":"sollte komplexe Logging-Szenarien handhaben","duration":2,"failureMessages":[]},{"ancestorTitles":["","Logger-Integrationstests"],"fullName":" Logger-Integrationstests sollte Memory-Leaks vermeiden","status":"passed","title":"sollte Memory-Leaks vermeiden","duration":36,"failureMessages":[]}],"startTime":1756407425937,"endTime":1756407426005,"status":"passed","message":"","name":"/Users/lucas/Downloads/EvolutionHub_Bundle_v1.7_full/evolution-hub/test-suite-v2/src/unit/utils/logger.test.ts"},{"assertionResults":[{"ancestorTitles":["","Server-Helper","setupTestServer"],"fullName":" Server-Helper setupTestServer sollte erfolgreich einen Test-Server einrichten","status":"passed","title":"sollte erfolgreich einen Test-Server einrichten","duration":2,"failureMessages":[]},{"ancestorTitles":["","Server-Helper","setupTestServer"],"fullName":" Server-Helper setupTestServer sollte Basis-Routen registrieren","status":"passed","title":"sollte Basis-Routen registrieren","duration":2,"failureMessages":[]},{"ancestorTitles":["","Server-Helper","setupTestServer"],"fullName":" Server-Helper setupTestServer sollte bei Fehlern korrekt reagieren","status":"passed","title":"sollte bei Fehlern korrekt reagieren","duration":1,"failureMessages":[]},{"ancestorTitles":["","Server-Helper","teardownTestServer"],"fullName":" Server-Helper teardownTestServer sollte Server erfolgreich stoppen","status":"passed","title":"sollte Server erfolgreich stoppen","duration":2,"failureMessages":[]},{"ancestorTitles":["","Server-Helper","teardownTestServer"],"fullName":" Server-Helper teardownTestServer sollte bei Fehlern korrekt reagieren","status":"passed","title":"sollte bei Fehlern korrekt reagieren","duration":5,"failureMessages":[]},{"ancestorTitles":["","Server-Helper","Basis-Routen","Health-Check-Endpunkt"],"fullName":" Server-Helper Basis-Routen Health-Check-Endpunkt sollte Gesundheitsstatus zurückgeben","status":"passed","title":"sollte Gesundheitsstatus zurückgeben","duration":4,"failureMessages":[]},{"ancestorTitles":["","Server-Helper","Basis-Routen","Health-Check-Endpunkt"],"fullName":" Server-Helper Basis-Routen Health-Check-Endpunkt sollte Request-Counter erhöhen","status":"passed","title":"sollte Request-Counter erhöhen","duration":6,"failureMessages":[]},{"ancestorTitles":["","Server-Helper","Basis-Routen","API-Status-Endpunkt"],"fullName":" Server-Helper Basis-Routen API-Status-Endpunkt sollte API-Status zurückgeben","status":"passed","title":"sollte API-Status zurückgeben","duration":2,"failureMessages":[]},{"ancestorTitles":["","Server-Helper","Authentifizierungs-Routen","POST /api/auth/login"],"fullName":" Server-Helper Authentifizierungs-Routen POST /api/auth/login sollte erfolgreichen Login für Admin-Benutzer verarbeiten","status":"passed","title":"sollte erfolgreichen Login für Admin-Benutzer verarbeiten","duration":6,"failureMessages":[]},{"ancestorTitles":["","Server-Helper","Authentifizierungs-Routen","POST /api/auth/login"],"fullName":" Server-Helper Authentifizierungs-Routen POST /api/auth/login sollte erfolgreichen Login für regulären Benutzer verarbeiten","status":"passed","title":"sollte erfolgreichen Login für regulären Benutzer verarbeiten","duration":2,"failureMessages":[]},{"ancestorTitles":["","Server-Helper","Authentifizierungs-Routen","POST /api/auth/login"],"fullName":" Server-Helper Authentifizierungs-Routen POST /api/auth/login sollte fehlgeschlagenen Login bei falschen Anmeldedaten verarbeiten","status":"passed","title":"sollte fehlgeschlagenen Login bei falschen Anmeldedaten verarbeiten","duration":2,"failureMessages":[]},{"ancestorTitles":["","Server-Helper","Authentifizierungs-Routen","POST /api/auth/login"],"fullName":" Server-Helper Authentifizierungs-Routen POST /api/auth/login sollte fehlgeschlagenen Login bei fehlenden Feldern verarbeiten","status":"passed","title":"sollte fehlgeschlagenen Login bei fehlenden Feldern verarbeiten","duration":3,"failureMessages":[]},{"ancestorTitles":["","Server-Helper","Authentifizierungs-Routen","POST /api/auth/logout"],"fullName":" Server-Helper Authentifizierungs-Routen POST /api/auth/logout sollte erfolgreichen Logout verarbeiten","status":"passed","title":"sollte erfolgreichen Logout verarbeiten","duration":3,"failureMessages":[]},{"ancestorTitles":["","Server-Helper","Authentifizierungs-Routen","POST /api/auth/register"],"fullName":" Server-Helper Authentifizierungs-Routen POST /api/auth/register sollte erfolgreiche Registrierung verarbeiten","status":"passed","title":"sollte erfolgreiche Registrierung verarbeiten","duration":2,"failureMessages":[]},{"ancestorTitles":["","Server-Helper","Authentifizierungs-Routen","POST /api/auth/register"],"fullName":" Server-Helper Authentifizierungs-Routen POST /api/auth/register sollte Registrierung bei bereits existierendem Benutzer ablehnen","status":"passed","title":"sollte Registrierung bei bereits existierendem Benutzer ablehnen","duration":2,"failureMessages":[]},{"ancestorTitles":["","Server-Helper","Authentifizierungs-Routen","POST /api/auth/register"],"fullName":" Server-Helper Authentifizierungs-Routen POST /api/auth/register sollte Registrierung bei fehlenden Feldern ablehnen","status":"passed","title":"sollte Registrierung bei fehlenden Feldern ablehnen","duration":2,"failureMessages":[]},{"ancestorTitles":["","Server-Helper","Dashboard-Routen","GET /api/dashboard/stats"],"fullName":" Server-Helper Dashboard-Routen GET /api/dashboard/stats sollte Dashboard-Statistiken zurückgeben","status":"passed","title":"sollte Dashboard-Statistiken zurückgeben","duration":4,"failureMessages":[]},{"ancestorTitles":["","Server-Helper","Dashboard-Routen","GET /api/dashboard/activity"],"fullName":" Server-Helper Dashboard-Routen GET /api/dashboard/activity sollte Dashboard-Aktivitäten zurückgeben","status":"passed","title":"sollte Dashboard-Aktivitäten zurückgeben","duration":2,"failureMessages":[]},{"ancestorTitles":["","Server-Helper","Newsletter-Routen","POST /api/newsletter/subscribe"],"fullName":" Server-Helper Newsletter-Routen POST /api/newsletter/subscribe sollte erfolgreiches Abonnement verarbeiten","status":"passed","title":"sollte erfolgreiches Abonnement verarbeiten","duration":1,"failureMessages":[]},{"ancestorTitles":["","Server-Helper","Newsletter-Routen","POST /api/newsletter/subscribe"],"fullName":" Server-Helper Newsletter-Routen POST /api/newsletter/subscribe sollte bereits abonnierten Benutzer ablehnen","status":"passed","title":"sollte bereits abonnierten Benutzer ablehnen","duration":3,"failureMessages":[]},{"ancestorTitles":["","Server-Helper","Newsletter-Routen","POST /api/newsletter/subscribe"],"fullName":" Server-Helper Newsletter-Routen POST /api/newsletter/subscribe sollte fehlende Email ablehnen","status":"passed","title":"sollte fehlende Email ablehnen","duration":3,"failureMessages":[]},{"ancestorTitles":["","Server-Helper","Newsletter-Routen","POST /api/newsletter/unsubscribe"],"fullName":" Server-Helper Newsletter-Routen POST /api/newsletter/unsubscribe sollte erfolgreiche Abmeldung verarbeiten","status":"passed","title":"sollte erfolgreiche Abmeldung verarbeiten","duration":2,"failureMessages":[]},{"ancestorTitles":["","Server-Helper","Newsletter-Routen","POST /api/newsletter/unsubscribe"],"fullName":" Server-Helper Newsletter-Routen POST /api/newsletter/unsubscribe sollte fehlende Email ablehnen","status":"passed","title":"sollte fehlende Email ablehnen","duration":3,"failureMessages":[]},{"ancestorTitles":["","Server-Helper","createMockRoute"],"fullName":" Server-Helper createMockRoute sollte benutzerdefinierte Mock-Route erstellen","status":"passed","title":"sollte benutzerdefinierte Mock-Route erstellen","duration":2,"failureMessages":[]},{"ancestorTitles":["","Server-Helper","createMockRoute"],"fullName":" Server-Helper createMockRoute sollte Mock-Route mit Verzögerung erstellen","status":"passed","title":"sollte Mock-Route mit Verzögerung erstellen","duration":103,"failureMessages":[]},{"ancestorTitles":["","Server-Helper","createMockRoute"],"fullName":" Server-Helper createMockRoute sollte Mock-Route mit benutzerdefinierten Headern erstellen","status":"passed","title":"sollte Mock-Route mit benutzerdefinierten Headern erstellen","duration":1,"failureMessages":[]},{"ancestorTitles":["","Server-Helper","removeMockRoute"],"fullName":" Server-Helper removeMockRoute sollte Mock-Route entfernen","status":"passed","title":"sollte Mock-Route entfernen","duration":2,"failureMessages":[]},{"ancestorTitles":["","Server-Helper","removeMockRoute"],"fullName":" Server-Helper removeMockRoute sollte nicht vorhandene Route stillschweigend ignorieren","status":"passed","title":"sollte nicht vorhandene Route stillschweigend ignorieren","duration":1,"failureMessages":[]},{"ancestorTitles":["","Server-Helper","makeTestRequest"],"fullName":" Server-Helper makeTestRequest sollte erfolgreiche Anfragen verarbeiten","status":"passed","title":"sollte erfolgreiche Anfragen verarbeiten","duration":1,"failureMessages":[]},{"ancestorTitles":["","Server-Helper","makeTestRequest"],"fullName":" Server-Helper makeTestRequest sollte Logger über API-Aufrufe informieren","status":"passed","title":"sollte Logger über API-Aufrufe informieren","duration":3,"failureMessages":[]},{"ancestorTitles":["","Server-Helper","makeTestRequest"],"fullName":" Server-Helper makeTestRequest sollte Fehler bei nicht vorhandenen Routen behandeln","status":"passed","title":"sollte Fehler bei nicht vorhandenen Routen behandeln","duration":2,"failureMessages":[]},{"ancestorTitles":["","Server-Helper","makeTestRequest"],"fullName":" Server-Helper makeTestRequest sollte Query-Parameter verarbeiten","status":"passed","title":"sollte Query-Parameter verarbeiten","duration":3,"failureMessages":[]},{"ancestorTitles":["","Server-Helper","makeTestRequest"],"fullName":" Server-Helper makeTestRequest sollte Header verarbeiten","status":"passed","title":"sollte Header verarbeiten","duration":2,"failureMessages":[]},{"ancestorTitles":["","Server-Helper","makeTestRequest"],"fullName":" Server-Helper makeTestRequest sollte Request-Body verarbeiten","status":"passed","title":"sollte Request-Body verarbeiten","duration":1,"failureMessages":[]},{"ancestorTitles":["","Server-Helper","Edge Cases und Fehlerbehandlung"],"fullName":" Server-Helper Edge Cases und Fehlerbehandlung sollte mit leeren Request-Bodies umgehen","status":"passed","title":"sollte mit leeren Request-Bodies umgehen","duration":1,"failureMessages":[]},{"ancestorTitles":["","Server-Helper","Edge Cases und Fehlerbehandlung"],"fullName":" Server-Helper Edge Cases und Fehlerbehandlung sollte mit null/undefined Werten umgehen","status":"passed","title":"sollte mit null/undefined Werten umgehen","duration":3,"failureMessages":[]},{"ancestorTitles":["","Server-Helper","Edge Cases und Fehlerbehandlung"],"fullName":" Server-Helper Edge Cases und Fehlerbehandlung sollte mit sehr großen Payloads umgehen","status":"passed","title":"sollte mit sehr großen Payloads umgehen","duration":2,"failureMessages":[]},{"ancestorTitles":["","Server-Helper","Edge Cases und Fehlerbehandlung"],"fullName":" Server-Helper Edge Cases und Fehlerbehandlung sollte Route-Handler-Fehler behandeln","status":"passed","title":"sollte Route-Handler-Fehler behandeln","duration":2,"failureMessages":[]},{"ancestorTitles":["","Server-Helper","Performance und Ressourcen-Management"],"fullName":" Server-Helper Performance und Ressourcen-Management sollte Request-Counter korrekt verwalten","status":"passed","title":"sollte Request-Counter korrekt verwalten","duration":27,"failureMessages":[]},{"ancestorTitles":["","Server-Helper","Performance und Ressourcen-Management"],"fullName":" Server-Helper Performance und Ressourcen-Management sollte Server-Uptime korrekt berechnen","status":"passed","title":"sollte Server-Uptime korrekt berechnen","duration":46,"failureMessages":[]},{"ancestorTitles":["","Server-Helper","Performance und Ressourcen-Management"],"fullName":" Server-Helper Performance und Ressourcen-Management sollte mehrere Routen effizient verwalten","status":"passed","title":"sollte mehrere Routen effizient verwalten","duration":10,"failureMessages":[]}],"startTime":1756407425941,"endTime":1756407426229,"status":"passed","message":"","name":"/Users/lucas/Downloads/EvolutionHub_Bundle_v1.7_full/evolution-hub/test-suite-v2/src/unit/utils/server-helpers.test.ts"},{"assertionResults":[{"ancestorTitles":["","Authentifizierung - Integration Tests","Vollständiger Authentifizierungs-Flow"],"fullName":" Authentifizierung - Integration Tests Vollständiger Authentifizierungs-Flow sollte kompletten Registrierung-Login-Logout-Flow unterstützen","status":"passed","title":"sollte kompletten Registrierung-Login-Logout-Flow unterstützen","duration":2,"failureMessages":[]},{"ancestorTitles":["","Authentifizierung - Integration Tests","Vollständiger Authentifizierungs-Flow"],"fullName":" Authentifizierung - Integration Tests Vollständiger Authentifizierungs-Flow sollte parallele Authentifizierungen unterstützen","status":"failed","title":"sollte parallele Authentifizierungen unterstützen","duration":12,"failureMessages":["expected 401 to be 200 // Object.is equality","expected 401 to be 200 // Object.is equality","expected 401 to be 200 // Object.is equality"],"location":{"line":134,"column":33}},{"ancestorTitles":["","Authentifizierung - Integration Tests","Sicherheits-Tests"],"fullName":" Authentifizierung - Integration Tests Sicherheits-Tests sollte Brute-Force-Angriffe erkennen und blockieren","status":"passed","title":"sollte Brute-Force-Angriffe erkennen und blockieren","duration":2,"failureMessages":[]},{"ancestorTitles":["","Authentifizierung - Integration Tests","Sicherheits-Tests"],"fullName":" Authentifizierung - Integration Tests Sicherheits-Tests sollte SQL-Injection-Versuche abwehren","status":"passed","title":"sollte SQL-Injection-Versuche abwehren","duration":2,"failureMessages":[]},{"ancestorTitles":["","Authentifizierung - Integration Tests","Sicherheits-Tests"],"fullName":" Authentifizierung - Integration Tests Sicherheits-Tests sollte XSS-Versuche in Input-Feldern abwehren","status":"failed","title":"sollte XSS-Versuche in Input-Feldern abwehren","duration":3,"failureMessages":["expected '<script>alert(\"xss\")</script>' not to contain '<script>'","expected '<script>alert(\"xss\")</script>' not to contain '<script>'","expected '<script>alert(\"xss\")</script>' not to contain '<script>'"],"location":{"line":241,"column":52}},{"ancestorTitles":["","Authentifizierung - Integration Tests","Performance-Tests"],"fullName":" Authentifizierung - Integration Tests Performance-Tests sollte schnelle Response-Zeiten für Authentifizierung gewährleisten","status":"failed","title":"sollte schnelle Response-Zeiten für Authentifizierung gewährleisten","duration":12,"failureMessages":["expected 0 to be greater than 0","expected 0 to be greater than 0","expected 0 to be greater than 0"],"location":{"line":279,"column":31}},{"ancestorTitles":["","Authentifizierung - Integration Tests","Performance-Tests"],"fullName":" Authentifizierung - Integration Tests Performance-Tests sollte hohe Last ohne Performance-Einbußen bewältigen","status":"passed","title":"sollte hohe Last ohne Performance-Einbußen bewältigen","duration":2,"failureMessages":[]},{"ancestorTitles":["","Authentifizierung - Integration Tests","Fehlerbehandlung und Recovery"],"fullName":" Authentifizierung - Integration Tests Fehlerbehandlung und Recovery sollte Graceful Degradation bei Server-Fehlern bieten","status":"passed","title":"sollte Graceful Degradation bei Server-Fehlern bieten","duration":3,"failureMessages":[]},{"ancestorTitles":["","Authentifizierung - Integration Tests","Fehlerbehandlung und Recovery"],"fullName":" Authentifizierung - Integration Tests Fehlerbehandlung und Recovery sollte bei Netzwerk-Fehlern wiederherstellbar sein","status":"passed","title":"sollte bei Netzwerk-Fehlern wiederherstellbar sein","duration":114,"failureMessages":[]},{"ancestorTitles":["","Authentifizierung - Integration Tests","Datenkonsistenz und Race Conditions"],"fullName":" Authentifizierung - Integration Tests Datenkonsistenz und Race Conditions sollte gleichzeitige Registrierungen mit derselben Email verhindern","status":"failed","title":"sollte gleichzeitige Registrierungen mit derselben Email verhindern","duration":2,"failureMessages":["expected false to be true // Object.is equality","expected false to be true // Object.is equality","expected false to be true // Object.is equality"],"location":{"line":409,"column":73}},{"ancestorTitles":["","Authentifizierung - Integration Tests","Datenkonsistenz und Race Conditions"],"fullName":" Authentifizierung - Integration Tests Datenkonsistenz und Race Conditions sollte Session-Isolation zwischen verschiedenen Benutzern gewährleisten","status":"passed","title":"sollte Session-Isolation zwischen verschiedenen Benutzern gewährleisten","duration":1,"failureMessages":[]},{"ancestorTitles":["","Authentifizierung - Integration Tests","Monitoring und Logging"],"fullName":" Authentifizierung - Integration Tests Monitoring und Logging sollte alle Authentifizierungs-Events korrekt loggen","status":"passed","title":"sollte alle Authentifizierungs-Events korrekt loggen","duration":0,"failureMessages":[]},{"ancestorTitles":["","Authentifizierung - Integration Tests","Monitoring und Logging"],"fullName":" Authentifizierung - Integration Tests Monitoring und Logging sollte Performance-Metriken sammeln","status":"passed","title":"sollte Performance-Metriken sammeln","duration":1,"failureMessages":[]}],"startTime":1756407425939,"endTime":1756407426096,"status":"failed","message":"","name":"/Users/lucas/Downloads/EvolutionHub_Bundle_v1.7_full/evolution-hub/test-suite-v2/src/integration/auth/auth-integration.test.ts"}]}